<?xml version="1.0" encoding="UTF-8"?>
<!-- Generated by org.testng.reporters.JUnitReportReporter -->
<testsuite hostname="ANaveen-QA" failures="0" tests="1" name="cucumber.TestNGTestRunner" time="5.585" errors="0" timestamp="2023-09-06T10:27:22 IST" skipped="0">
  <testcase classname="cucumber.TestNGTestRunner" name="runScenario" time="5.585"/>
  <system-out/>
</testsuite> <!-- cucumber.TestNGTestRunner -->
