<?xml version="1.0" encoding="UTF-8"?>
<!-- Generated by org.testng.reporters.JUnitReportReporter -->
<testsuite hostname="ANaveen-QA" failures="0" tests="3" name="rahulshettyacademy.SubmitOrderTest" time="43.985" errors="0" timestamp="2023-07-12T10:27:52 IST" skipped="0">
  <testcase classname="rahulshettyacademy.SubmitOrderTest" name="submitOrder" time="22.988"/>
  <system-out/>
  <testcase classname="rahulshettyacademy.SubmitOrderTest" name="orderHistoryTest" time="3.098"/>
  <system-out/>
  <testcase classname="rahulshettyacademy.SubmitOrderTest" name="submitOrder" time="17.899"/>
  <system-out/>
</testsuite> <!-- rahulshettyacademy.SubmitOrderTest -->
