<?xml version="1.0" encoding="UTF-8"?>
<!-- Generated by org.testng.reporters.JUnitReportReporter -->
<testsuite hostname="ANaveen-QA" failures="0" tests="1" name="rahulshettyacademy.ErrorValidation" time="0.517" errors="0" timestamp="2023-05-05T19:36:12 PDT" skipped="0">
  <testcase classname="rahulshettyacademy.ErrorValidation" name="submitOrder" time="0.517"/>
  <system-out/>
</testsuite> <!-- rahulshettyacademy.ErrorValidation -->
